#
# There is insufficient memory for the Java Runtime Environment to continue.
# Native memory allocation (mmap) failed to map 132120576 bytes for G1 virtual space
# Possible reasons:
#   The system is out of physical RAM or swap space
#   The process is running with CompressedOops enabled, and the Java Heap may be blocking the growth of the native heap
# Possible solutions:
#   Reduce memory load on the system
#   Increase physical memory or swap space
#   Check if swap backing store is full
#   Decrease Java heap size (-Xmx/-Xms)
#   Decrease number of Java threads
#   Decrease Java thread stack sizes (-Xss)
#   Set larger code cache with -XX:ReservedCodeCacheSize=
#   JVM is running with Unscaled Compressed Oops mode in which the Java heap is
#     placed in the first 4GB address space. The Java Heap base address is the
#     maximum limit for the native heap growth. Please use -XX:HeapBaseMinAddress
#     to set the Java Heap base and to place the Java Heap above 4GB virtual address.
# This output file may be truncated or incomplete.
#
#  Out of Memory Error (os_windows.cpp:3466), pid=13108, tid=34604
#
# JRE version:  (16.0.2+7) (build )
# Java VM: Java HotSpot(TM) 64-Bit Server VM (16.0.2+7-67, mixed mode, sharing, tiered, compressed oops, compressed class ptrs, g1 gc, windows-amd64)
# No core dump will be written. Minidumps are not enabled by default on client versions of Windows
#

---------------  S U M M A R Y ------------

Command Line: -Dfile.encoding=Cp1252 --module-path=C:\Users\ameya\Downloads\mysql-connector-java-8.0.26\mysql-connector-java-8.0.26\mysql-connector-java-8.0.26.jar;D:\Eclipse-Java-Workspace\ATM_Management_System_Project_Demo_Swing\jcalendar-tz-1.3.3-4.jar -XX:+ShowCodeDetailsInExceptionMessages Deposit1

Host: Intel(R) Core(TM) i5-10300H CPU @ 2.50GHz, 8 cores, 7G,  Windows 10 , 64 bit Build 22000 (10.0.22000.120)
Time: Thu Oct 28 20:57:04 2021 India Standard Time elapsed time: 0.009807 seconds (0d 0h 0m 0s)

---------------  T H R E A D  ---------------

Current thread (0x000001de4107b750):  JavaThread "Unknown thread" [_thread_in_vm, id=34604, stack(0x0000004113c00000,0x0000004113d00000)]

Stack: [0x0000004113c00000,0x0000004113d00000]
Native frames: (J=compiled Java code, j=interpreted, Vv=VM code, C=native code)
V  [jvm.dll+0x6681ca]
V  [jvm.dll+0x7c9e69]
V  [jvm.dll+0x7cb61e]
V  [jvm.dll+0x7cbc73]
V  [jvm.dll+0x242c55]
V  [jvm.dll+0x664f89]
V  [jvm.dll+0x659b75]
V  [jvm.dll+0x2fbfbb]
V  [jvm.dll+0x3031b6]
V  [jvm.dll+0x35299e]
V  [jvm.dll+0x352bcf]
V  [jvm.dll+0x2d3028]
V  [jvm.dll+0x2d4264]
V  [jvm.dll+0x79c741]
V  [jvm.dll+0x360791]
V  [jvm.dll+0x77a3f0]
V  [jvm.dll+0x3e4e8f]
V  [jvm.dll+0x3e6961]
C  [jli.dll+0x52fb]
C  [ucrtbase.dll+0x26c0c]
C  [KERNEL32.DLL+0x154e0]
C  [ntdll.dll+0x485b]


---------------  P R O C E S S  ---------------

Threads class SMR info:
_java_thread_list=0x00007ff89100cbb8, length=0, elements={
}

Java Threads: ( => current thread )

Other Threads:
  0x000001de410bae70 GCTaskThread "GC Thread#0" [stack: 0x0000004113d00000,0x0000004113e00000] [id=6968]
  0x000001de410cc150 ConcurrentGCThread "G1 Main Marker" [stack: 0x0000004113e00000,0x0000004113f00000] [id=13468]
  0x000001de410cdbd0 ConcurrentGCThread "G1 Conc#0" [stack: 0x0000004113f00000,0x0000004114000000] [id=15508]

[error occurred during error reporting (printing all threads), id 0xc0000005, EXCEPTION_ACCESS_VIOLATION (0xc0000005) at pc=0x00007ff8907e3ee7]

VM state: not at safepoint (not fully initialized)

VM Mutex/Monitor currently owned by a thread:  ([mutex/lock_event])
[0x000001de41078e80] Heap_lock - owner thread: 0x000001de4107b750

Heap address: 0x0000000083000000, size: 2000 MB, Compressed Oops mode: 32-bit

CDS archive(s) mapped at: [0x0000000000000000-0x0000000000000000-0x0000000000000000), size 0, SharedBaseAddress: 0x0000000800000000, ArchiveRelocationMode: 0.
Narrow klass base: 0x0000000000000000, Narrow klass shift: 0, Narrow klass range: 0x0

GC Precious Log:
<Empty>

Heap:
 garbage-first heap   total 0K, used 0K [0x0000000083000000, 0x0000000100000000)
  region size 1024K, 0 young (0K), 0 survivors (0K)

[error occurred during error reporting (printing heap information), id 0xc0000005, EXCEPTION_ACCESS_VIOLATION (0xc0000005) at pc=0x00007ff890bc1eed]

GC Heap History (0 events):
No events

Deoptimization events (0 events):
No events

Classes unloaded (0 events):
No events

Classes redefined (0 events):
No events

Internal exceptions (0 events):
No events

Events (1 events):
Event: 0.007 Loaded shared library C:\Program Files\Java\jdk-16.0.2\bin\java.dll


Dynamic libraries:
0x00007ff7d6f20000 - 0x00007ff7d6f30000 	C:\Program Files\Java\jdk-16.0.2\bin\javaw.exe
0x00007ff93e020000 - 0x00007ff93e227000 	C:\WINDOWS\SYSTEM32\ntdll.dll
0x00007ff93d390000 - 0x00007ff93d44d000 	C:\WINDOWS\System32\KERNEL32.DLL
0x00007ff93b500000 - 0x00007ff93b874000 	C:\WINDOWS\System32\KERNELBASE.dll
0x00007ff93bb60000 - 0x00007ff93bc71000 	C:\WINDOWS\System32\ucrtbase.dll
0x00007ff926ee0000 - 0x00007ff926ef9000 	C:\Program Files\Java\jdk-16.0.2\bin\VCRUNTIME140.dll
0x00007ff926d00000 - 0x00007ff926d18000 	C:\Program Files\Java\jdk-16.0.2\bin\jli.dll
0x00007ff93d2e0000 - 0x00007ff93d38c000 	C:\WINDOWS\System32\ADVAPI32.dll
0x00007ff93cc10000 - 0x00007ff93ccb3000 	C:\WINDOWS\System32\msvcrt.dll
0x00007ff93cb60000 - 0x00007ff93cbfd000 	C:\WINDOWS\System32\sechost.dll
0x00007ff93d600000 - 0x00007ff93d721000 	C:\WINDOWS\System32\RPCRT4.dll
0x00007ff93d450000 - 0x00007ff93d5fc000 	C:\WINDOWS\System32\USER32.dll
0x00007ff93ba70000 - 0x00007ff93ba96000 	C:\WINDOWS\System32\win32u.dll
0x00007ff91b980000 - 0x00007ff91bc25000 	C:\WINDOWS\WinSxS\amd64_microsoft.windows.common-controls_6595b64144ccf1df_6.0.22000.120_none_9d947278b86cc467\COMCTL32.dll
0x00007ff93c230000 - 0x00007ff93c259000 	C:\WINDOWS\System32\GDI32.dll
0x00007ff93bc80000 - 0x00007ff93bd92000 	C:\WINDOWS\System32\gdi32full.dll
0x00007ff93be10000 - 0x00007ff93bead000 	C:\WINDOWS\System32\msvcp_win.dll
0x00007ff932ce0000 - 0x00007ff932cea000 	C:\WINDOWS\SYSTEM32\VERSION.dll
0x00007ff93d130000 - 0x00007ff93d161000 	C:\WINDOWS\System32\IMM32.DLL
0x00007ff936e50000 - 0x00007ff936e5c000 	C:\Program Files\Java\jdk-16.0.2\bin\vcruntime140_1.dll
0x00007ff9081b0000 - 0x00007ff908241000 	C:\Program Files\Java\jdk-16.0.2\bin\msvcp140.dll
0x00007ff890500000 - 0x00007ff8910ab000 	C:\Program Files\Java\jdk-16.0.2\bin\server\jvm.dll
0x00007ff93d240000 - 0x00007ff93d248000 	C:\WINDOWS\System32\PSAPI.DLL
0x00007ff934660000 - 0x00007ff934669000 	C:\WINDOWS\SYSTEM32\WSOCK32.dll
0x00007ff934a90000 - 0x00007ff934ac3000 	C:\WINDOWS\SYSTEM32\WINMM.dll
0x00007ff93df70000 - 0x00007ff93dfdf000 	C:\WINDOWS\System32\WS2_32.dll
0x00007ff93a720000 - 0x00007ff93a738000 	C:\WINDOWS\SYSTEM32\kernel.appcore.dll
0x00007ff925e70000 - 0x00007ff925e7a000 	C:\Program Files\Java\jdk-16.0.2\bin\jimage.dll
0x00007ff9390c0000 - 0x00007ff9392e1000 	C:\WINDOWS\SYSTEM32\DBGHELP.DLL
0x00007ff91f440000 - 0x00007ff91f471000 	C:\WINDOWS\SYSTEM32\dbgcore.DLL
0x00007ff93b9f0000 - 0x00007ff93ba70000 	C:\WINDOWS\System32\bcryptPrimitives.dll
0x00007ff923e70000 - 0x00007ff923e95000 	C:\Program Files\Java\jdk-16.0.2\bin\java.dll

dbghelp: loaded successfully - version: 4.0.5 - missing functions: none
symbol engine: initialized successfully - sym options: 0x614 - pdb path: .;C:\Program Files\Java\jdk-16.0.2\bin;C:\WINDOWS\SYSTEM32;C:\WINDOWS\WinSxS\amd64_microsoft.windows.common-controls_6595b64144ccf1df_6.0.22000.120_none_9d947278b86cc467;C:\Program Files\Java\jdk-16.0.2\bin\server

VM Arguments:
jvm_args: -Dfile.encoding=Cp1252 --module-path=C:\Users\ameya\Downloads\mysql-connector-java-8.0.26\mysql-connector-java-8.0.26\mysql-connector-java-8.0.26.jar;D:\Eclipse-Java-Workspace\ATM_Management_System_Project_Demo_Swing\jcalendar-tz-1.3.3-4.jar -XX:+ShowCodeDetailsInExceptionMessages 
java_command: Deposit1
java_class_path (initial): D:\Eclipse-Java-Workspace\ATM_Management_System_Project_Demo_Swing\bin;D:\Eclipse-Java-Workspace\ATM_Management_System_Project_Demo_Swing\jgoodies-forms-1.8.0.jar;D:\Eclipse-Java-Workspace\ATM_Management_System_Project_Demo_Swing\miglayout15-swing.jar
Launcher Type: SUN_STANDARD

[Global flags]
     intx CICompilerCount                          = 4                                         {product} {ergonomic}
     uint ConcGCThreads                            = 2                                         {product} {ergonomic}
     uint G1ConcRefinementThreads                  = 8                                         {product} {ergonomic}
   size_t G1HeapRegionSize                         = 1048576                                   {product} {ergonomic}
    uintx GCDrainStackTargetSize                   = 64                                        {product} {ergonomic}
   size_t InitialHeapSize                          = 132120576                                 {product} {ergonomic}
   size_t MarkStackSize                            = 4194304                                   {product} {ergonomic}
   size_t MaxHeapSize                              = 2097152000                                {product} {ergonomic}
   size_t MinHeapDeltaBytes                        = 1048576                                   {product} {ergonomic}
   size_t MinHeapSize                              = 8388608                                   {product} {ergonomic}
    uintx NonNMethodCodeHeapSize                   = 5839372                                {pd product} {ergonomic}
    uintx NonProfiledCodeHeapSize                  = 122909434                              {pd product} {ergonomic}
    uintx ProfiledCodeHeapSize                     = 122909434                              {pd product} {ergonomic}
    uintx ReservedCodeCacheSize                    = 251658240                              {pd product} {ergonomic}
     bool SegmentedCodeCache                       = true                                      {product} {ergonomic}
     bool ShowCodeDetailsInExceptionMessages       = true                                   {manageable} {command line}
   size_t SoftMaxHeapSize                          = 2097152000                             {manageable} {ergonomic}
     bool UseCompressedClassPointers               = true                           {product lp64_product} {ergonomic}
     bool UseCompressedOops                        = true                           {product lp64_product} {ergonomic}
     bool UseG1GC                                  = true                                      {product} {ergonomic}
     bool UseLargePagesIndividualAllocation        = false                                  {pd product} {ergonomic}

Logging:
Log output configuration:
 #0: stdout all=warning uptime,level,tags
 #1: stderr all=off uptime,level,tags

Environment Variables:
PATH=C:\Python39\Scripts\;C:\Python39\;C:\Program Files\Common Files\Oracle\Java\javapath;C:\windows\system32;C:\windows;C:\windows\System32\Wbem;C:\windows\System32\WindowsPowerShell\v1.0\;C:\windows\System32\OpenSSH\;C:\Program Files (x86)\NVIDIA Corporation\PhysX\Common;C:\Program Files\NVIDIA Corporation\NVIDIA NvDLISR;C:\Program Files\Java\jdk-16.0.2\bin;C:\Program Files\MongoDB\Server\5.0\bin;C:\Program Files\Git\cmd;C:\WINDOWS\system32;C:\WINDOWS;C:\WINDOWS\System32\Wbem;C:\WINDOWS\System32\WindowsPowerShell\v1.0\;C:\WINDOWS\System32\OpenSSH\;C:\Program Files\MySQL\MySQL Shell 8.0\bin\;C:\Users\ameya\AppData\Local\Microsoft\WindowsApps;C:\MinGW\bin;C:\Program Files\Java\jdk-16.0.2\bin;C:\Users\ameya\AppData\Local\Programs\Microsoft VS Code\bin;C:\Users\ameya\AppData\Local\atom\bin;C:\Users\ameya\AppData\Local\Microsoft\WindowsApps;C:\Users\ameya\AppData\Local\GitHubDesktop\bin
USERNAME=ameya
OS=Windows_NT
PROCESSOR_IDENTIFIER=Intel64 Family 6 Model 165 Stepping 2, GenuineIntel



---------------  S Y S T E M  ---------------

OS:
 Windows 10 , 64 bit Build 22000 (10.0.22000.120)
OS uptime: 1 days 2:15 hours

CPU: total 8 (initial active 8) (4 cores per cpu, 2 threads per core) family 6 model 165 stepping 2 microcode 0xea, cx8, cmov, fxsr, ht, mmx, 3dnowpref, sse, sse2, sse3, ssse3, sse4.1, sse4.2, popcnt, lzcnt, tsc, tscinvbit, avx, avx2, aes, erms, clmul, bmi1, bmi2, adx, fma, vzeroupper, clflush, clflushopt

Memory: 4k page, system-wide physical 7993M (685M free)
TotalPageFile size 32548M (AvailPageFile size 42M)
current process WorkingSet (physical memory assigned to process): 10M, peak: 10M
current process commit charge ("private bytes"): 60M, peak: 186M

vm_info: Java HotSpot(TM) 64-Bit Server VM (16.0.2+7-67) for windows-amd64 JRE (16.0.2+7-67), built on Jun  8 2021 23:24:19 by "mach5one" with MS VC++ 16.7 (VS2019)

END.
